=== dispatch opencode xiaomi-token-plan-sgp/mimo-v2.5-pro -> work/wave-3/02-news-sentiment-tools.md @ Fri Jun 19 19:03:17 IST 2026 ===
[0m
> build · mimo-v2.5-pro
[0m
[0m→ [0mRead work/WORKER_PROMPT.md
[0m→ [0mRead work/wave-3/02-news-sentiment-tools.md
[0m→ [0mRead work/REPORT_TEMPLATE.md
[0m→ [0mRead .specify/specs/wave-3/contracts/tools.contract.md
[0m→ [0mRead src/finroot/tools/base.py
[0m✱ [0mGlob "src/finroot/tools/*.py"[90m 2 matches[0m
[0m✱ [0mGlob "tests/unit/test_tools*.py"[90m 0 matches[0m
[0m→ [0mRead src/finroot/tools/__init__.py
[0m
[0m# [0mTodos
[•] Implement src/finroot/tools/news.py (NewsSearchTool)
[ ] Implement src/finroot/tools/sentiment.py (SentimentAnalysisTool)
[ ] Implement tests/unit/test_tools_news.py
[ ] Run acceptance commands and capture output
[ ] Write report to work/reports/wave-3/02-news-sentiment-tools.report.md
[0m
[0m← [0mWrite src/finroot/tools/news.py
Wrote file successfully.
[0m
[0m# [0mTodos
[✓] Implement src/finroot/tools/news.py (NewsSearchTool)
[•] Implement src/finroot/tools/sentiment.py (SentimentAnalysisTool)
[ ] Implement tests/unit/test_tools_news.py
[ ] Run acceptance commands and capture output
[ ] Write report to work/reports/wave-3/02-news-sentiment-tools.report.md
[0m
[0m← [0mWrite src/finroot/tools/sentiment.py
Wrote file successfully.
[0m
[0m# [0mTodos
[✓] Implement src/finroot/tools/news.py (NewsSearchTool)
[✓] Implement src/finroot/tools/sentiment.py (SentimentAnalysisTool)
[•] Implement tests/unit/test_tools_news.py
[ ] Run acceptance commands and capture output
[ ] Write report to work/reports/wave-3/02-news-sentiment-tools.report.md
[0m
[0m✱ [0mGlob "tests/conftest.py"[90m 0 matches[0m
[0m✱ [0mGlob "tests/**/conftest.py"[90m 0 matches[0m
[0m
[0m← [0mWrite tests/unit/test_tools_news.py
Wrote file successfully.
[0m
[0m# [0mTodos
[✓] Implement src/finroot/tools/news.py (NewsSearchTool)
[✓] Implement src/finroot/tools/sentiment.py (SentimentAnalysisTool)
[✓] Implement tests/unit/test_tools_news.py
[•] Run acceptance commands and capture output
[ ] Write report to work/reports/wave-3/02-news-sentiment-tools.report.md
[0m
[0m$ [0mcd /Users/srujansai/Desktop/FinRoot && PYTHONPATH=src python3 -m pytest tests/unit/test_tools_news.py -v 2>&1
============================= test session starts ==============================
platform darwin -- Python 3.14.3, pytest-9.0.3, pluggy-1.6.0
rootdir: /Users/srujansai/Desktop/FinRoot
configfile: pytest.ini (WARNING: ignoring pytest config in pyproject.toml!)
plugins: Faker-40.15.0, cov-7.1.0, locust-2.43.4, xdist-3.8.0, timeout-2.4.0, asyncio-1.3.0, hypothesis-6.152.2, langsmith-0.8.18, anyio-4.13.0
asyncio: mode=Mode.STRICT, debug=False, asyncio_default_fixture_loop_scope=None, asyncio_default_test_loop_scope=function
collected 20 items

tests/unit/test_tools_news.py ....................                       [100%]

============================== 20 passed in 8.10s ==============================
[0m
[0m$ [0mcd /Users/srujansai/Desktop/FinRoot && ruff check src/finroot/tools/news.py src/finroot/tools/sentiment.py 2>&1
F401 [*] `typing.Literal` imported but unused
  --> src/finroot/tools/news.py:13:20
   |
11 | import os
12 | import urllib.request
13 | from typing import Literal
   |                    ^^^^^^^
14 |
15 | from pydantic import BaseModel, Field
   |
help: Remove unused import: `typing.Literal`

F401 [*] `pydantic.field_validator` imported but unused
  --> src/finroot/tools/sentiment.py:17:40
   |
15 | from typing import Literal
16 |
17 | from pydantic import BaseModel, Field, field_validator
   |                                        ^^^^^^^^^^^^^^^
18 |
19 | from finroot.tools.base import BaseTool
   |
help: Remove unused import: `pydantic.field_validator`

Found 2 errors.
[*] 2 fixable with the `--fix` option.
[0m
[0m← [0mEdit src/finroot/tools/news.py
Index: /Users/srujansai/Desktop/FinRoot/src/finroot/tools/news.py
===================================================================
--- /Users/srujansai/Desktop/FinRoot/src/finroot/tools/news.py
+++ /Users/srujansai/Desktop/FinRoot/src/finroot/tools/news.py
@@ -9,9 +9,8 @@
 import json
 import logging
 import os
 import urllib.request
-from typing import Literal
 
 from pydantic import BaseModel, Field
 
 from finroot.tools.base import BaseTool, ToolCallError

[0m
[0m← [0mEdit src/finroot/tools/sentiment.py
Index: /Users/srujansai/Desktop/FinRoot/src/finroot/tools/sentiment.py
===================================================================
--- /Users/srujansai/Desktop/FinRoot/src/finroot/tools/sentiment.py
+++ /Users/srujansai/Desktop/FinRoot/src/finroot/tools/sentiment.py
@@ -13,9 +13,9 @@
 import logging
 import os
 from typing import Literal
 
-from pydantic import BaseModel, Field, field_validator
+from pydantic import BaseModel, Field
 
 from finroot.tools.base import BaseTool
 
 logger = logging.getLogger(__name__)

[0m
[0m$ [0mcd /Users/srujansai/Desktop/FinRoot && ruff check src/finroot/tools/news.py src/finroot/tools/sentiment.py 2>&1
All checks passed!
[0m
[0m$ [0mcd /Users/srujansai/Desktop/FinRoot && PYTHONPATH=src python3 -m pytest tests/unit/test_tools_news.py -v 2>&1
============================= test session starts ==============================
platform darwin -- Python 3.14.3, pytest-9.0.3, pluggy-1.6.0
rootdir: /Users/srujansai/Desktop/FinRoot
configfile: pytest.ini (WARNING: ignoring pytest config in pyproject.toml!)
plugins: Faker-40.15.0, cov-7.1.0, locust-2.43.4, xdist-3.8.0, timeout-2.4.0, asyncio-1.3.0, hypothesis-6.152.2, langsmith-0.8.18, anyio-4.13.0
asyncio: mode=Mode.STRICT, debug=False, asyncio_default_fixture_loop_scope=None, asyncio_default_test_loop_scope=function
collected 20 items

tests/unit/test_tools_news.py ....................                       [100%]

============================= 20 passed in 10.88s ==============================
[0m
[0m# [0mTodos
[✓] Implement src/finroot/tools/news.py (NewsSearchTool)
[✓] Implement src/finroot/tools/sentiment.py (SentimentAnalysisTool)
[✓] Implement tests/unit/test_tools_news.py
[✓] Run acceptance commands and capture output
[•] Write report to work/reports/wave-3/02-news-sentiment-tools.report.md
[0m
[0m$ [0mls -la /Users/srujansai/Desktop/FinRoot/work/reports/wave-3/ 2>&1 || mkdir -p /Users/srujansai/Desktop/FinRoot/work/reports/wave-3/
total 96
drwxr-xr-x@  9 srujansai  staff    288 Jun 19 19:03 .
drwxr-xr-x@ 10 srujansai  staff    320 Jun 19 08:35 ..
-rw-r--r--@  1 srujansai  staff      0 Jun 19 08:35 .gitkeep
-rw-r--r--@  1 srujansai  staff  13199 Jun 19 19:05 01-market-fundamentals-tools.run.log
-rw-r--r--@  1 srujansai  staff   6291 Jun 19 19:07 02-news-sentiment-tools.run.log
-rw-r--r--@  1 srujansai  staff   3319 Jun 19 19:07 03-risk-portfolio-tools.run.log
-rw-r--r--@  1 srujansai  staff    566 Jun 19 19:07 04-tax-engine.run.log
-rw-r--r--@  1 srujansai  staff   5978 Jun 19 19:06 05-macro-currency-tools.run.log
-rw-r--r--@  1 srujansai  staff   4865 Jun 19 19:06 06-profile-document-watchlist-tools.run.log
[0m
[0m← [0mWrite work/reports/wave-3/02-news-sentiment-tools.report.md
Wrote file successfully.
[0m
[0m$ [0mls -la /Users/srujansai/Desktop/FinRoot/docs/waves/ 2>&1 || echo "No docs/waves directory"
total 72
drwxr-xr-x@ 11 srujansai  staff   352 Jun 19 18:56 .
drwxr-xr-x@ 18 srujansai  staff   576 Jun 19 09:12 ..
-rw-r--r--@  1 srujansai  staff  1565 Jun 19 09:01 wave-1-brief.md
-rw-r--r--@  1 srujansai  staff  2780 Jun 19 18:56 wave-1-gotchas.md
-rw-r--r--@  1 srujansai  staff  1587 Jun 19 09:01 wave-2-brief.md
-rw-r--r--@  1 srujansai  staff  1932 Jun 19 09:02 wave-3-brief.md
-rw-r--r--@  1 srujansai  staff  1790 Jun 19 09:02 wave-4-brief.md
-rw-r--r--@  1 srujansai  staff  1948 Jun 19 09:02 wave-5-brief.md
-rw-r--r--@  1 srujansai  staff  1794 Jun 19 09:02 wave-6-brief.md
-rw-r--r--@  1 srujansai  staff  1640 Jun 19 09:03 wave-7-brief.md
-rw-r--r--@  1 srujansai  staff  1885 Jun 19 09:03 wave-8-brief.md
[0m
[0m# [0mTodos
[✓] Implement src/finroot/tools/news.py (NewsSearchTool)
[✓] Implement src/finroot/tools/sentiment.py (SentimentAnalysisTool)
[✓] Implement tests/unit/test_tools_news.py
[✓] Run acceptance commands and capture output
[✓] Write report to work/reports/wave-3/02-news-sentiment-tools.report.md
[0m
**Task wave-3/02 complete.** All acceptance commands pass.

**Files created:**
- `src/finroot/tools/news.py` — NewsSearchTool with mock (3 canned articles) and live (NewsAPI) modes
- `src/finroot/tools/sentiment.py` — SentimentAnalysisTool with heuristic baseline + optional FinBERT
- `tests/unit/test_tools_news.py` — 20 tests, all passing

**Acceptance:**
- `pytest`: 20/20 passed
- `ruff check`: All checks passed

**Report:** `work/reports/wave-3/02-news-sentiment-tools.report.md`
=== opencode exited rc=0 @ Fri Jun 19 19:08:46 IST 2026 ===
