=== dispatch opencode xiaomi-token-plan-sgp/mimo-v2.5-pro -> work/wave-1/03-audit-trail-backbone.md @ Fri Jun 19 18:41:01 IST 2026 ===
=== dispatch opencode xiaomi-token-plan-sgp/mimo-v2.5-pro -> work/wave-1/03-audit-trail-backbone.md @ Fri Jun 19 18:41:01 IST 2026 ===
[0m
> build · mimo-v2.5-pro
[0m
[0m→ [0mRead work/WORKER_PROMPT.md
[0m→ [0mRead work/wave-1/03-audit-trail-backbone.md
[0m→ [0mRead work/REPORT_TEMPLATE.md
[0m✱ [0mGlob ".specify/specs/wave-1/contracts/*.md"[90m 0 matches[0m
[0m✱ [0mGlob "src/finroot/schemas/audit.py"[90m 1 match[0m
[0m✱ [0mGlob "src/finroot/audit/__init__.py"[90m 1 match[0m
Now let me read the referenced contract and the existing `AuditEvent` schema:
[0m→ [0mRead src/finroot/schemas/audit.py
[0m✱ [0mGlob ".specify/specs/wave-1/contracts/*"[90m 0 matches[0m
[0m✱ [0mGlob "src/finroot/audit/*"[90m 4 matches[0m
[0m→ [0mRead src/finroot/audit/__init__.py
[0m→ [0mRead src/finroot/audit/trail.py
[0m→ [0mRead src/finroot/audit/store.py
[0m✱ [0mGlob "tests/unit/test_audit_chain.py"[90m 0 matches[0m
[0m✱ [0mGlob "tests/unit/*.py"[90m 3 matches[0m
[0m✱ [0mGlob "tests/conftest.py"[90m 0 matches[0m
The implementation files already exist. I need to write the test file `tests/unit/test_audit_chain.py`. Let me check the test directory structure:
[0m✱ [0mGlob "tests/**/conftest.py"[90m 0 matches[0m
[0m→ [0mRead tests/unit/test_schemas.py[90m [limit=50][0m
=== opencode exited rc=143 @ Fri Jun 19 18:41:41 IST 2026 ===
[0m
[0m← [0mWrite tests/unit/test_audit_chain.py
Wrote file successfully.
[0m
Now I'll write the test file. The implementation is already complete, so I just need to write comprehensive tests:
[0m$ [0mruff check src/finroot/audit/
I001 [*] Import block is un-sorted or un-formatted
  --> src/finroot/audit/store.py:34:1
   |
32 |   """
33 |
34 | / from __future__ import annotations
35 | |
36 | | import json
37 | | import threading
38 | | from collections.abc import Iterator
39 | | from pathlib import Path
   | |________________________^
40 |
41 |   # We use a small `default` that handles datetimes and other primitives the
   |
help: Organize imports

SIM117 [*] Use a single `with` statement with multiple contexts instead of nested `with` statements
   --> src/finroot/audit/store.py:113:9
    |
111 |               ) from e
112 |           payload = (line + "\n").encode("utf-8")
113 | /         with self._lock:
114 | |             with self._path.open("ab") as fh:
    | |_____________________________________________^
115 |                   fh.write(payload)
116 |                   fh.flush()
    |
help: Combine `with` statements

invalid-syntax: f-string: invalid conversion character
   --> src/finroot/audit/trail.py:103:61
    |
101 |         return (
102 |             f"ChainVerification(ok={self.ok!r}, broken_seq={self.broken_seq!r}, "
103 |             f"reason={self.reason!r}, checked={self.checked!d})"
    |                                                             ^
104 |         )
    |

Found 3 errors.
[*] 2 fixable with the `--fix` option.
[0m
Now let me run the acceptance commands:
[0m$ [0mpytest tests/unit/test_audit_chain.py -v 2>&1
============================= test session starts ==============================
platform darwin -- Python 3.14.3, pytest-9.0.3, pluggy-1.6.0
rootdir: /Users/srujansai/Desktop/FinRoot
configfile: pytest.ini (WARNING: ignoring pytest config in pyproject.toml!)
plugins: Faker-40.15.0, cov-7.1.0, locust-2.43.4, xdist-3.8.0, timeout-2.4.0, asyncio-1.3.0, hypothesis-6.152.2, anyio-4.13.0
asyncio: mode=Mode.STRICT, debug=False, asyncio_default_fixture_loop_scope=None, asyncio_default_test_loop_scope=function
collected 0 items / 1 error

==================================== ERRORS ====================================
_______________ ERROR collecting tests/unit/test_audit_chain.py ________________
/Library/Frameworks/Python.framework/Versions/3.14/lib/python3.14/site-packages/_pytest/python.py:507: in importtestmodule
    mod = import_path(
/Library/Frameworks/Python.framework/Versions/3.14/lib/python3.14/site-packages/_pytest/pathlib.py:587: in import_path
    importlib.import_module(module_name)
/Library/Frameworks/Python.framework/Versions/3.14/lib/python3.14/importlib/__init__.py:88: in import_module
    return _bootstrap._gcd_import(name[level:], package, level)
           ^^^^^^^^^^^^^^^^^^^^^^^^^^^^^^^^^^^^^^^^^^^^^^^^^^^^
<frozen importlib._bootstrap>:1398: in _gcd_import
    ???
<frozen importlib._bootstrap>:1371: in _find_and_load
    ???
<frozen importlib._bootstrap>:1342: in _find_and_load_unlocked
    ???
<frozen importlib._bootstrap>:938: in _load_unlocked
    ???
/Library/Frameworks/Python.framework/Versions/3.14/lib/python3.14/site-packages/_pytest/assertion/rewrite.py:197: in exec_module
    exec(co, module.__dict__)
tests/unit/test_audit_chain.py:19: in <module>
    from finroot.audit import (
src/finroot/audit/__init__.py:23: in <module>
    from finroot.audit.trail import (
E     File "/Users/srujansai/Desktop/FinRoot/src/finroot/audit/trail.py", line 103
E       f"reason={self.reason!r}, checked={self.checked!d})"
E                                                       ^
E   SyntaxError: f-string: invalid conversion character 'd': expected 's', 'r', or 'a'
=========================== short test summary info ============================
ERROR tests/unit/test_audit_chain.py
!!!!!!!!!!!!!!!!!!!! Interrupted: 1 error during collection !!!!!!!!!!!!!!!!!!!!
=============================== 1 error in 0.26s ===============================
[0m
[0m← [0mEdit src/finroot/audit/trail.py
Index: /Users/srujansai/Desktop/FinRoot/src/finroot/audit/trail.py
===================================================================
--- /Users/srujansai/Desktop/FinRoot/src/finroot/audit/trail.py
+++ /Users/srujansai/Desktop/FinRoot/src/finroot/audit/trail.py
@@ -99,9 +99,9 @@
 
 def __repr__(self) -> str:  # pragma: no cover - debug aid
     return (
         f"ChainVerification(ok={self.ok!r}, broken_seq={self.broken_seq!r}, "
-        f"reason={self.reason!r}, checked={self.checked!d})"
+        f"reason={self.reason!r}, checked={self.checked})"
     )
 
 def __bool__(self) -> bool:  # makes `if result: ...` work
     return self.ok

[0m
There are ruff errors in the existing code. The `trail.py` has a syntax error with `!d` conversion in f-string, and `store.py` has import/syntax issues. Let me fix these:
[0m✗ [0mEdit src/finroot/audit/store.py failed
[91m[1mError: [0mNo changes to apply: oldString and newString are identical.
[0m→ [0mRead src/finroot/audit/store.py[90m [offset=30, limit=20][0m
[0m
[0m$ [0mruff check src/finroot/audit/ --fix
SIM113 Use `enumerate()` for index variable `expected_seq` in `for` loop
   --> src/finroot/audit/trail.py:368:13
    |
367 |             prev_hash = event.hash
368 |             expected_seq += 1
    |             ^^^^^^^^^^^^^^^^^
369 |             checked += 1
    |

Found 6 errors (5 fixed, 1 remaining).
[0m
[0m→ [0mRead src/finroot/audit/trail.py[90m [offset=280, limit=100][0m
[0m
[0m← [0mEdit src/finroot/audit/trail.py
Index: /Users/srujansai/Desktop/FinRoot/src/finroot/audit/trail.py
===================================================================
--- /Users/srujansai/Desktop/FinRoot/src/finroot/audit/trail.py
+++ /Users/srujansai/Desktop/FinRoot/src/finroot/audit/trail.py
@@ -364,9 +364,9 @@
         self._last_verification = result
         return result
 
     prev_hash = event.hash
-    expected_seq += 1
+    expected_seq += 1  # noqa: SIM113 — used for seq validation, not index
     checked += 1
 
 result = ChainVerification(ok=True, checked=checked)
 self._last_verification = result

[0m
The `expected_seq` variable is used for validation (checking `event.seq != expected_seq`), not as a simple loop index. Let me add a noqa comment to suppress the false positive:
[0m→ [0mRead src/finroot/audit/store.py[90m [offset=105, limit=20][0m
[0m
[0m$ [0mruff check src/finroot/audit/
All checks passed!
[0m
Now run the tests:
[0m$ [0mpytest tests/unit/test_audit_chain.py -v 2>&1
============================= test session starts ==============================
platform darwin -- Python 3.14.3, pytest-9.0.3, pluggy-1.6.0
rootdir: /Users/srujansai/Desktop/FinRoot
configfile: pytest.ini (WARNING: ignoring pytest config in pyproject.toml!)
plugins: Faker-40.15.0, cov-7.1.0, locust-2.43.4, xdist-3.8.0, timeout-2.4.0, asyncio-1.3.0, hypothesis-6.152.2, anyio-4.13.0
asyncio: mode=Mode.STRICT, debug=False, asyncio_default_fixture_loop_scope=None, asyncio_default_test_loop_scope=function
collected 24 items

tests/unit/test_audit_chain.py .....F..................                  [100%]

=================================== FAILURES ===================================
__________ TestAuditTrailAppend.test_append_rejects_non_dict_payload ___________

self = <test_audit_chain.TestAuditTrailAppend object at 0x1097bef10>
tmp_path = PosixPath('/private/var/folders/qs/6cjjv3kx74971shdl6zbnyww0000gn/T/pytest-of-srujansai/pytest-0/test_append_rejects_non_dict_p0')

    def test_append_rejects_non_dict_payload(self, tmp_path: Path) -> None:
        trail = _make_trail(tmp_path)
        with pytest.raises(AuditTrailError, match="must be a dict"):
>           trail.append("test", "not a dict")  # type: ignore[arg-type]
            ^^^^^^^^^^^^^^^^^^^^^^^^^^^^^^^^^^

tests/unit/test_audit_chain.py:98: 
_ _ _ _ _ _ _ _ _ _ _ _ _ _ _ _ _ _ _ _ _ _ _ _ _ _ _ _ _ _ _ _ _ _ _ _ _ _ _ _ 

self = <finroot.audit.trail.AuditTrail object at 0x109800b90>, type = 'test'
payload = 'not a dict'

    def append(self, type: str, payload: dict) -> AuditEvent:
        """Append one event to the chain and return it.
    
        Args:
            type: stable event-type identifier (e.g. ``"tool.called"``).
            payload: JSON-serializable dict. Will be canonicalized for hashing.
    
        Returns:
            The persisted :class:`~finroot.schemas.audit.AuditEvent`.
    
        Raises:
            AuditTrailError: on type/payload validation failure or a serialization
                problem. A failed append does **not** partially write — either the
                event is fully on disk and in the chain, or nothing changed.
        """
        if not isinstance(type, str) or not type or not type.strip():
            raise AuditTrailError("audit event type must be a non-empty string")
        if not isinstance(payload, dict):
            raise AuditTrailError(
>               f"audit event payload must be a dict, got {type(payload).__name__}"
                                                           ^^^^^^^^^^^^^
            )
E           TypeError: 'str' object is not callable

src/finroot/audit/trail.py:234: TypeError
=========================== short test summary info ============================
FAILED tests/unit/test_audit_chain.py::TestAuditTrailAppend::test_append_rejects_non_dict_payload
========================= 1 failed, 23 passed in 0.30s =========================
[0m
There's a bug: the `type` parameter name shadows the built-in `type()` function. Fix it:
[0m← [0mEdit src/finroot/audit/trail.py
Index: /Users/srujansai/Desktop/FinRoot/src/finroot/audit/trail.py
===================================================================
--- /Users/srujansai/Desktop/FinRoot/src/finroot/audit/trail.py
+++ /Users/srujansai/Desktop/FinRoot/src/finroot/audit/trail.py
@@ -230,9 +230,9 @@
 if not isinstance(type, str) or not type or not type.strip():
     raise AuditTrailError("audit event type must be a non-empty string")
 if not isinstance(payload, dict):
     raise AuditTrailError(
-        f"audit event payload must be a dict, got {type(payload).__name__}"
+        f"audit event payload must be a dict, got {payload.__class__.__name__}"
     )
 
 canonical = _canonical_payload(payload)
 with self._lock:

[0m
[0m$ [0mpytest tests/unit/test_audit_chain.py -v 2>&1
============================= test session starts ==============================
platform darwin -- Python 3.14.3, pytest-9.0.3, pluggy-1.6.0
rootdir: /Users/srujansai/Desktop/FinRoot
configfile: pytest.ini (WARNING: ignoring pytest config in pyproject.toml!)
plugins: Faker-40.15.0, cov-7.1.0, locust-2.43.4, xdist-3.8.0, timeout-2.4.0, asyncio-1.3.0, hypothesis-6.152.2, anyio-4.13.0
asyncio: mode=Mode.STRICT, debug=False, asyncio_default_fixture_loop_scope=None, asyncio_default_test_loop_scope=function
collected 24 items

tests/unit/test_audit_chain.py ........................                  [100%]

============================== 24 passed in 0.27s ==============================
[0m
[0m$ [0mruff check src/finroot/audit/ tests/unit/test_audit_chain.py
I001 [*] Import block is un-sorted or un-formatted
  --> tests/unit/test_audit_chain.py:10:1
   |
 8 |   """
 9 |
10 | / from __future__ import annotations
11 | |
12 | | import json
13 | | import tempfile
14 | | from datetime import UTC, datetime, timezone
15 | | from pathlib import Path
16 | |
17 | | import pytest
18 | |
19 | | from finroot.audit import (
20 | |     AuditChainBroken,
21 | |     AuditTrail,
22 | |     AuditTrailError,
23 | |     ChainVerification,
24 | |     GENESIS_HASH,
25 | |     JsonlAuditStore,
26 | | )
   | |_^
   |
help: Organize imports

F401 [*] `tempfile` imported but unused
  --> tests/unit/test_audit_chain.py:13:8
   |
12 | import json
13 | import tempfile
   |        ^^^^^^^^
14 | from datetime import UTC, datetime, timezone
15 | from pathlib import Path
   |
help: Remove unused import: `tempfile`

F401 [*] `datetime.UTC` imported but unused
  --> tests/unit/test_audit_chain.py:14:22
   |
12 | import json
13 | import tempfile
14 | from datetime import UTC, datetime, timezone
   |                      ^^^
15 | from pathlib import Path
   |
help: Remove unused import

F401 [*] `datetime.datetime` imported but unused
  --> tests/unit/test_audit_chain.py:14:27
   |
12 | import json
13 | import tempfile
14 | from datetime import UTC, datetime, timezone
   |                           ^^^^^^^^
15 | from pathlib import Path
   |
help: Remove unused import

F401 [*] `datetime.timezone` imported but unused
  --> tests/unit/test_audit_chain.py:14:37
   |
12 | import json
13 | import tempfile
14 | from datetime import UTC, datetime, timezone
   |                                     ^^^^^^^^
15 | from pathlib import Path
   |
help: Remove unused import

F401 [*] `finroot.audit.AuditChainBroken` imported but unused
  --> tests/unit/test_audit_chain.py:20:5
   |
19 | from finroot.audit import (
20 |     AuditChainBroken,
   |     ^^^^^^^^^^^^^^^^
21 |     AuditTrail,
22 |     AuditTrailError,
   |
help: Remove unused import

F401 [*] `finroot.audit.ChainVerification` imported but unused
  --> tests/unit/test_audit_chain.py:23:5
   |
21 |     AuditTrail,
22 |     AuditTrailError,
23 |     ChainVerification,
   |     ^^^^^^^^^^^^^^^^^
24 |     GENESIS_HASH,
25 |     JsonlAuditStore,
   |
help: Remove unused import

Found 7 errors.
[*] 7 fixable with the `--fix` option.
[0m
[0m$ [0mruff check tests/unit/test_audit_chain.py --fix
Found 7 errors (7 fixed, 0 remaining).
[0m
[0m$ [0mruff check src/finroot/audit/ tests/unit/test_audit_chain.py
All checks passed!
[0m
[0m$ [0mpytest tests/unit/test_audit_chain.py -v 2>&1
============================= test session starts ==============================
platform darwin -- Python 3.14.3, pytest-9.0.3, pluggy-1.6.0
rootdir: /Users/srujansai/Desktop/FinRoot
configfile: pytest.ini (WARNING: ignoring pytest config in pyproject.toml!)
plugins: Faker-40.15.0, cov-7.1.0, locust-2.43.4, xdist-3.8.0, timeout-2.4.0, asyncio-1.3.0, hypothesis-6.152.2, anyio-4.13.0
asyncio: mode=Mode.STRICT, debug=False, asyncio_default_fixture_loop_scope=None, asyncio_default_test_loop_scope=function
collected 24 items

tests/unit/test_audit_chain.py ........................                  [100%]

============================== 24 passed in 0.25s ==============================
[0m
[0m✱ [0mGlob "docs/waves/*.md"[90m 9 matches[0m
All acceptance criteria pass. Now let me write the report:
[0m→ [0mRead docs/waves/wave-1-gotchas.md
Let me add the gotcha I found and write the report:
[0m
[0m← [0mEdit docs/waves/wave-1-gotchas.md
Index: /Users/srujansai/Desktop/FinRoot/docs/waves/wave-1-gotchas.md
===================================================================
--- /Users/srujansai/Desktop/FinRoot/docs/waves/wave-1-gotchas.md
+++ /Users/srujansai/Desktop/FinRoot/docs/waves/wave-1-gotchas.md
@@ -31,4 +31,12 @@
 - Workaround: prefix acceptance commands with `PYTHONPATH=src`, or run via pytest (which uses
   `pythonpath = ["src"]` from `pyproject.toml`).
 - Permanent fix needed: Y → fix `schemas/__init__.py` to use relative or `src.*` imports so the
   acceptance command works standalone.
+
+### G-2: Parameter named `type` shadows built-in in f-string
+- Hit by: task 03 (audit-trail-backbone)
+- In `trail.py:234`, `{type(payload).__name__}` failed with `TypeError: 'str' object is not callable`
+  because the function parameter `type: str` shadows the built-in `type()` function.
+- Workaround: use `payload.__class__.__name__` instead of `type(payload).__name__`.
+- Permanent fix needed: N → local fix applied; consider renaming parameter to `event_type` if
+  it causes confusion elsewhere.

[0m
[0m$ [0mmkdir -p work/reports/wave-1
(no output)
[0m
[0m← [0mWrite work/reports/wave-1/03-audit-trail-backbone.report.md
Wrote file successfully.
[0m
**Task complete.**

**Summary:**
- All 4 files in the Writes set verified (implementation already existed, fixed 3 bugs)
- Created `tests/unit/test_audit_chain.py` with 24 tests covering append, verify chain, tamper-evidence, replay, and store operations
- **ruff check**: All checks passed
- **pytest**: 24/24 passed (0.25s)
- Report written to `work/reports/wave-1/03-audit-trail-backbone.report.md`
- Gotcha added to `docs/waves/wave-1-gotchas.md` (G-2: parameter `type` shadows built-in)

**Bugs fixed in pre-existing code:**
1. `trail.py:103` — Invalid `!d` f-string conversion
2. `trail.py:234` — `type(payload).__name__` failed because function parameter `type` shadows built-in
3. Ruff auto-fixes: import sorting, combined nested `with` statements
=== opencode exited rc=0 @ Fri Jun 19 18:43:33 IST 2026 ===
=== opencode exited rc=0 @ Fri Jun 19 18:43:33 IST 2026 ===
