=== dispatch opencode opencode/mimo-v2.5-free -> work/wave-7/02-streamlit-shell.md @ Sat Jun 20 09:56:57 IST 2026 ===
=== opencode exited rc=0 @ Sat Jun 20 09:58:21 IST 2026 ===
RKER_PROMPT.md
[0m→ [0mRead work/wave-7/02-streamlit-shell.md
[0m→ [0mRead .specify/specs/wave-7/contracts
[0m→ [0mRead .specify/specs/wave-7/contracts/ui.contract.md
[0m→ [0mRead work/REPORT_TEMPLATE.md
[0m→ [0mRead src/interface
[0m→ [0mRead src/interface/ui
[0m→ [0mRead src/interface/core.py
[0m→ [0mRead src/interface/ui/components
[0m→ [0mRead src/interface/ui/__init__.py
[0m✱ [0mGlob "src/finroot/schemas/recommendation.py"[90m 1 match[0m
[0m
[0m# [0mTodos
[•] Write src/interface/ui/theme.py — dark finance palette + helpers
[ ] Write src/interface/ui/app.py — Streamlit shell with 4 tabs
[ ] Update src/interface/ui/__init__.py
[ ] Run acceptance commands and capture output
[ ] Write report to work/reports/wave-7/02-streamlit-shell.report.md
[0m
[0m← [0mWrite src/interface/ui/theme.py
Wrote file successfully.
[0m
[0m# [0mTodos
[✓] Write src/interface/ui/theme.py — dark finance palette + helpers
[•] Write src/interface/ui/app.py — Streamlit shell with 4 tabs
[ ] Update src/interface/ui/__init__.py
[ ] Run acceptance commands and capture output
[ ] Write report to work/reports/wave-7/02-streamlit-shell.report.md
[0m
[0m← [0mWrite src/interface/ui/app.py
Wrote file successfully.
[0m
[0m# [0mTodos
[✓] Write src/interface/ui/theme.py — dark finance palette + helpers
[✓] Write src/interface/ui/app.py — Streamlit shell with 4 tabs
[•] Update src/interface/ui/__init__.py
[ ] Run acceptance commands and capture output
[ ] Write report to work/reports/wave-7/02-streamlit-shell.report.md
[0m
[0m← [0mWrite src/interface/ui/__init__.py
Wrote file successfully.
[0m
[0m# [0mTodos
[✓] Write src/interface/ui/theme.py — dark finance palette + helpers
[✓] Write src/interface/ui/app.py — Streamlit shell with 4 tabs
[✓] Update src/interface/ui/__init__.py
[•] Run acceptance commands and capture output
[ ] Write report to work/reports/wave-7/02-streamlit-shell.report.md
[0m
[0m$ [0mPYTHONPATH=src python3 -c "import interface.ui.app; import interface.ui.theme; print('UI shell imports OK')"
UI shell imports OK
[0m
[0m$ [0mruff check src/interface/ui/app.py src/interface/ui/theme.py src/interface/ui/__init__.py
F401 [*] `typing.Any` imported but unused
  --> src/interface/ui/app.py:13:20
   |
12 | import logging
13 | from typing import Any
   |                    ^^^
14 |
15 | import streamlit as st
   |
help: Remove unused import: `typing.Any`

Found 1 error.
[*] 1 fixable with the `--fix` option.
[0m
[0m← [0mEdit src/interface/ui/app.py
Index: /Users/srujansai/Desktop/FinRoot/src/interface/ui/app.py
===================================================================
--- /Users/srujansai/Desktop/FinRoot/src/interface/ui/app.py
+++ /Users/srujansai/Desktop/FinRoot/src/interface/ui/app.py
@@ -9,9 +9,8 @@
 
 from __future__ import annotations
 
 import logging
-from typing import Any
 
 import streamlit as st
 
 from interface.ui.theme import apply_theme

[0m
[0m$ [0mruff check src/interface/ui/app.py src/interface/ui/theme.py src/interface/ui/__init__.py
All checks passed!
[0m
[0m$ [0mmkdir -p work/reports/wave-7
(no output)
[0m
[0m# [0mTodos
[✓] Write src/interface/ui/theme.py — dark finance palette + helpers
[✓] Write src/interface/ui/app.py — Streamlit shell with 4 tabs
[✓] Update src/interface/ui/__init__.py
[✓] Run acceptance commands and capture output
[•] Write report to work/reports/wave-7/02-streamlit-shell.report.md
[0m
[0m← [0mWrite work/reports/wave-7/02-streamlit-shell.report.md
Wrote file successfully.
[0m
[0m# [0mTodos
[✓] Write src/interface/ui/theme.py — dark finance palette + helpers
[✓] Write src/interface/ui/app.py — Streamlit shell with 4 tabs
[✓] Update src/interface/ui/__init__.py
[✓] Run acceptance commands and capture output
[✓] Write report to work/reports/wave-7/02-streamlit-shell.report.md
[0m
Task complete. All 3 files written, acceptance passes, ruff clean. Report at `work/reports/wave-7/02-streamlit-shell.report.md`.
=== opencode exited rc=0 @ Sat Jun 20 09:58:21 IST 2026 ===
