=== dispatch opencode xiaomi-token-plan-sgp/mimo-v2.5-pro -> work/wave-4/01-intent-classifier-context.md @ Fri Jun 19 21:14:56 IST 2026 ===
[0m
> build · mimo-v2.5-pro
[0m
[0m→ [0mRead work/WORKER_PROMPT.md
[0m→ [0mRead work/wave-4/01-intent-classifier-context.md
[0m→ [0mRead .specify/specs/wave-4/contracts/graph.contract.md
[0m→ [0mRead src/finroot/schemas/enums.py
[0m→ [0mRead work/REPORT_TEMPLATE.md
[0m→ [0mRead src/finroot/memory/manager.py
[0m✱ [0mGlob "src/finroot/schemas/*.py"[90m 6 matches[0m
[0m✱ [0mGlob "src/finroot/agents/__init__.py"[90m 1 match[0m
[0m✱ [0mGlob "src/finroot/workflows/__init__.py"[90m 0 matches[0m
[0m→ [0mRead src/finroot/schemas/state.py
[0m→ [0mRead src/finroot/agents/__init__.py
[0m→ [0mRead src/finroot/agents/base.py
[0m→ [0mRead src/finroot/memory/working.py
[0m
[0m# [0mTodos
[•] Implement IntentClassifier in src/finroot/agents/intent.py
[ ] Implement ContextAssembler in src/finroot/workflows/context.py
[ ] Write tests in tests/unit/test_intent.py (15+ tests)
[ ] Run acceptance: pytest + ruff check
[ ] Write report to work/reports/wave-4/01-intent-classifier.report.md
[0m
Now I have full context. The actual `Intent` enum has `PORTFOLIO`, `RISK`, `TAX`, `NEWS_IMPACT`, `CASHFLOW`, `CREDIT`, `GENERAL` — different from the contract's aspirational names. I'll implement against the real enum.
[0m✱ [0mGlob "src/finroot/workflows/**"[90m 1 match[0m
[0m✱ [0mGlob "tests/unit/*.py"[90m 17 matches[0m
[0m→ [0mRead src/finroot/schemas/recommendation.py
[0m→ [0mRead tests/unit/test_base_interfaces.py[90m [limit=50][0m
Now I'll create the three files. Starting with `intent.py`:
[0m
[0m← [0mWrite src/finroot/agents/intent.py
Wrote file successfully.
[0m
Wait — the contract specifies `IntentResult(BaseModel)`. Let me fix to use Pydantic v2:
[0m← [0mWrite src/finroot/agents/intent.py
Wrote file successfully.
[0m
Now let me add partial match support (0.7 confidence). The task requires 1.0 for exact, 0.7 for partial, 0.5 for default:
[0m← [0mEdit src/finroot/agents/intent.py
Index: /Users/srujansai/Desktop/FinRoot/src/finroot/agents/intent.py
===================================================================
--- /Users/srujansai/Desktop/FinRoot/src/finroot/agents/intent.py
+++ /Users/srujansai/Desktop/FinRoot/src/finroot/agents/intent.py
@@ -78,15 +78,23 @@
 entities = self._extract_entities(query)
 
 for keywords, intent in _KEYWORD_MAP:
     for kw in keywords:
-        if kw in lower:
+        pattern = re.compile(r"\b" + re.escape(kw) + r"\b", re.IGNORECASE)
+        if pattern.search(lower):
             return IntentResult(
                 intent=intent,
                 confidence=1.0,
                 entities=entities,
                 reasoning=f"Keyword '{kw}' matched for intent {intent.value}",
             )
+        if kw in lower:
+            return IntentResult(
+                intent=intent,
+                confidence=0.7,
+                entities=entities,
+                reasoning=f"Partial keyword '{kw}' matched for intent {intent.value}",
+            )
 
 return IntentResult(
     intent=Intent.GENERAL,
     confidence=0.5,

[0m
[0m# [0mTodos
[✓] Implement IntentClassifier in src/finroot/agents/intent.py
[•] Implement ContextAssembler in src/finroot/workflows/context.py
[ ] Write tests in tests/unit/test_intent.py (15+ tests)
[ ] Run acceptance: pytest + ruff check
[ ] Write report to work/reports/wave-4/01-intent-classifier.report.md
[0m
[0m→ [0mRead src/finroot/memory/digital_twin.py[90m [limit=80][0m
[0m✱ [0mGlob "src/finroot/tools/*.py"[90m 14 matches[0m
[0m→ [0mRead src/finroot/tools/__init__.py
[0m
[0m$ [0mgrep -n "name = " /Users/srujansai/Desktop/FinRoot/src/finroot/tools/market.py /Users/srujansai/Desktop/FinRoot/src/finroot/tools/risk.py /Users/srujansai/Desktop/FinRoot/src/finroot/tools/tax.py /Users/srujansai/Desktop/FinRoot/src/finroot/tools/news.py | head -20
/Users/srujansai/Desktop/FinRoot/src/finroot/tools/market.py:186:    name = "market_data"
/Users/srujansai/Desktop/FinRoot/src/finroot/tools/risk.py:60:    name = "risk_calculation"
/Users/srujansai/Desktop/FinRoot/src/finroot/tools/tax.py:149:    name = "tax_rule"
/Users/srujansai/Desktop/FinRoot/src/finroot/tools/news.py:101:    name = "news_search"
[0m
Now I'll create the ContextAssembler:
[0m← [0mWrite src/finroot/workflows/context.py
Wrote file successfully.
[0m
[0m# [0mTodos
[✓] Implement IntentClassifier in src/finroot/agents/intent.py
[✓] Implement ContextAssembler in src/finroot/workflows/context.py
[•] Write tests in tests/unit/test_intent.py (15+ tests)
[ ] Run acceptance: pytest + ruff check
[ ] Write report to work/reports/wave-4/01-intent-classifier.report.md
[0m
[0m✱ [0mGlob "tests/conftest.py"[90m 0 matches[0m
[0m✱ [0mGlob "tests/unit/conftest.py"[90m 0 matches[0m
[0m→ [0mRead tests/unit/test_memory_manager.py[90m [limit=60][0m
[0m
[0m← [0mWrite tests/unit/test_intent.py
Wrote file successfully.
[0m
[0m# [0mTodos
[✓] Implement IntentClassifier in src/finroot/agents/intent.py
[✓] Implement ContextAssembler in src/finroot/workflows/context.py
[✓] Write tests in tests/unit/test_intent.py (15+ tests)
[•] Run acceptance: pytest + ruff check
[ ] Write report to work/reports/wave-4/01-intent-classifier.report.md
[0m
[0m$ [0mruff check src/finroot/agents/intent.py src/finroot/workflows/context.py 2>&1
All checks passed!
[0m
[0m$ [0mPYTHONPATH=src python3 -m pytest tests/unit/test_intent.py -v 2>&1
============================= test session starts ==============================
platform darwin -- Python 3.14.3, pytest-9.0.3, pluggy-1.6.0
rootdir: /Users/srujansai/Desktop/FinRoot
configfile: pytest.ini (WARNING: ignoring pytest config in pyproject.toml!)
plugins: Faker-40.15.0, cov-7.1.0, locust-2.43.4, xdist-3.8.0, timeout-2.4.0, asyncio-1.3.0, hypothesis-6.152.2, langsmith-0.8.18, anyio-4.13.0
asyncio: mode=Mode.STRICT, debug=False, asyncio_default_fixture_loop_scope=None, asyncio_default_test_loop_scope=function
collected 25 items

tests/unit/test_intent.py .......F.................                      [100%]

=================================== FAILURES ===================================
_______________ TestIntentClassifier.test_default_general_advice _______________

self = <test_intent.TestIntentClassifier object at 0x10ba3f550>

    def test_default_general_advice(self) -> None:
        result = self.clf.classify("tell me something interesting")
        assert result.intent == Intent.GENERAL
>       assert result.confidence == 0.5
E       assert 0.7 == 0.5
E        +  where 0.7 = IntentResult(intent=<Intent.GENERAL: 'general'>, confidence=0.7, entities={'symbols': [], 'timeframe': None}, reasoning="Partial keyword 'hi' matched for intent general").confidence

tests/unit/test_intent.py:88: AssertionError
=========================== short test summary info ============================
FAILED tests/unit/test_intent.py::TestIntentClassifier::test_default_general_advice
========================= 1 failed, 24 passed in 0.97s =========================
[0m
"hi" inside "interesting" triggers a partial match. I'll remove the too-short keyword "hi" from the list:
[0m← [0mEdit src/finroot/agents/intent.py
Index: /Users/srujansai/Desktop/FinRoot/src/finroot/agents/intent.py
===================================================================
--- /Users/srujansai/Desktop/FinRoot/src/finroot/agents/intent.py
+++ /Users/srujansai/Desktop/FinRoot/src/finroot/agents/intent.py
@@ -30,9 +30,9 @@
     (["price", "market", "stock", "fundamental", "pe ratio", "earnings", "sector"], Intent.NEWS_IMPACT),
     (["news", "sentiment", "impact", "headline"], Intent.NEWS_IMPACT),
     (["cashflow", "cash flow", "income", "expense", "budget"], Intent.CASHFLOW),
     (["credit", "loan", "emi", "debt"], Intent.CREDIT),
-    (["hello", "hi", "help", "hey", "greet"], Intent.GENERAL),
+    (["hello", "help", "hey", "greet"], Intent.GENERAL),
 ]
 
 
 class IntentResult(BaseModel):

[0m
[0m$ [0mPYTHONPATH=src python3 -m pytest tests/unit/test_intent.py -v 2>&1
============================= test session starts ==============================
platform darwin -- Python 3.14.3, pytest-9.0.3, pluggy-1.6.0
rootdir: /Users/srujansai/Desktop/FinRoot
configfile: pytest.ini (WARNING: ignoring pytest config in pyproject.toml!)
plugins: Faker-40.15.0, cov-7.1.0, locust-2.43.4, xdist-3.8.0, timeout-2.4.0, asyncio-1.3.0, hypothesis-6.152.2, langsmith-0.8.18, anyio-4.13.0
asyncio: mode=Mode.STRICT, debug=False, asyncio_default_fixture_loop_scope=None, asyncio_default_test_loop_scope=function
collected 25 items

tests/unit/test_intent.py .........................                      [100%]

============================== 25 passed in 0.85s ==============================
[0m
[0m$ [0mruff check src/finroot/agents/intent.py src/finroot/workflows/context.py tests/unit/test_intent.py 2>&1
F401 [*] `finroot.agents.intent.IntentResult` imported but unused
  --> tests/unit/test_intent.py:22:53
   |
20 | import pytest
21 |
22 | from finroot.agents.intent import IntentClassifier, IntentResult
   |                                                     ^^^^^^^^^^^^
23 | from finroot.memory.digital_twin import (
24 |     DigitalTwin,
   |
help: Remove unused import: `finroot.agents.intent.IntentResult`

B017 Do not assert blind exception: `Exception`
   --> tests/unit/test_intent.py:132:14
    |
130 |     def test_intent_result_is_frozen(self) -> None:
131 |         result = self.clf.classify("portfolio")
132 |         with pytest.raises(Exception):
    |              ^^^^^^^^^^^^^^^^^^^^^^^^
133 |             result.confidence = 0.9  # type: ignore[misc]
    |

Found 2 errors.
[*] 1 fixable with the `--fix` option.
[0m
[0m← [0mEdit tests/unit/test_intent.py
Index: /Users/srujansai/Desktop/FinRoot/tests/unit/test_intent.py
===================================================================
--- /Users/srujansai/Desktop/FinRoot/tests/unit/test_intent.py
+++ /Users/srujansai/Desktop/FinRoot/tests/unit/test_intent.py
@@ -18,9 +18,9 @@
 from unittest.mock import MagicMock
 
 import pytest
 
-from finroot.agents.intent import IntentClassifier, IntentResult
+from finroot.agents.intent import IntentClassifier
 from finroot.memory.digital_twin import (
     DigitalTwin,
     InvestmentHorizon,
     RiskTolerance,

[0m
[0m← [0mEdit tests/unit/test_intent.py
Index: /Users/srujansai/Desktop/FinRoot/tests/unit/test_intent.py
===================================================================
--- /Users/srujansai/Desktop/FinRoot/tests/unit/test_intent.py
+++ /Users/srujansai/Desktop/FinRoot/tests/unit/test_intent.py
@@ -128,9 +128,9 @@
     assert result.confidence == 0.5
 
 def test_intent_result_is_frozen(self) -> None:
     result = self.clf.classify("portfolio")
-    with pytest.raises(Exception):
+    with pytest.raises(ValidationError):
         result.confidence = 0.9  # type: ignore[misc]
 
 def test_multiple_symbols(self) -> None:
     result = self.clf.classify("compare RELIANCE.NS INFY TCS.NS")

[0m
[0m← [0mEdit tests/unit/test_intent.py
Index: /Users/srujansai/Desktop/FinRoot/tests/unit/test_intent.py
===================================================================
--- /Users/srujansai/Desktop/FinRoot/tests/unit/test_intent.py
+++ /Users/srujansai/Desktop/FinRoot/tests/unit/test_intent.py
@@ -17,8 +17,9 @@
 from typing import Any
 from unittest.mock import MagicMock
 
 import pytest
+from pydantic import ValidationError
 
 from finroot.agents.intent import IntentClassifier
 from finroot.memory.digital_twin import (
     DigitalTwin,

[0m
[0m$ [0mruff check src/finroot/agents/intent.py src/finroot/workflows/context.py tests/unit/test_intent.py 2>&1
All checks passed!
[0m
[0m$ [0mPYTHONPATH=src python3 -m pytest tests/unit/test_intent.py -v 2>&1
============================= test session starts ==============================
platform darwin -- Python 3.14.3, pytest-9.0.3, pluggy-1.6.0
rootdir: /Users/srujansai/Desktop/FinRoot
configfile: pytest.ini (WARNING: ignoring pytest config in pyproject.toml!)
plugins: Faker-40.15.0, cov-7.1.0, locust-2.43.4, xdist-3.8.0, timeout-2.4.0, asyncio-1.3.0, hypothesis-6.152.2, langsmith-0.8.18, anyio-4.13.0
asyncio: mode=Mode.STRICT, debug=False, asyncio_default_fixture_loop_scope=None, asyncio_default_test_loop_scope=function
collected 25 items

tests/unit/test_intent.py .........................                      [100%]

============================== 25 passed in 0.72s ==============================
[0m
[0m# [0mTodos
[✓] Implement IntentClassifier in src/finroot/agents/intent.py
[✓] Implement ContextAssembler in src/finroot/workflows/context.py
[✓] Write tests in tests/unit/test_intent.py (15+ tests)
[✓] Run acceptance: pytest + ruff check
[•] Write report to work/reports/wave-4/01-intent-classifier.report.md
[0m
All 25 tests pass, ruff clean. Now writing the report:
[0m$ [0mls -la /Users/srujansai/Desktop/FinRoot/work/reports/ 2>&1
total 0
drwxr-xr-x@ 10 srujansai  staff  320 Jun 19 08:35 .
drwxr-xr-x@ 14 srujansai  staff  448 Jun 19 09:01 ..
drwxr-xr-x@ 14 srujansai  staff  448 Jun 19 18:56 wave-1
drwxr-xr-x@ 13 srujansai  staff  416 Jun 19 20:42 wave-2
drwxr-xr-x@ 15 srujansai  staff  480 Jun 19 20:35 wave-3
drwxr-xr-x@ 10 srujansai  staff  320 Jun 19 20:57 wave-4
drwxr-xr-x@  3 srujansai  staff   96 Jun 19 08:35 wave-5
drwxr-xr-x@  3 srujansai  staff   96 Jun 19 08:35 wave-6
drwxr-xr-x@  3 srujansai  staff   96 Jun 19 08:35 wave-7
drwxr-xr-x@  3 srujansai  staff   96 Jun 19 08:35 wave-8
[0m
[0m← [0mWrite work/reports/wave-4/01-intent-classifier.report.md
Wrote file successfully.
[0m
[0m$ [0mls /Users/srujansai/Desktop/FinRoot/docs/waves/wave-4-gotchas.md 2>&1
ls: /Users/srujansai/Desktop/FinRoot/docs/waves/wave-4-gotchas.md: No such file or directory
[0m
[0m# [0mTodos
[✓] Implement IntentClassifier in src/finroot/agents/intent.py
[✓] Implement ContextAssembler in src/finroot/workflows/context.py
[✓] Write tests in tests/unit/test_intent.py (15+ tests)
[✓] Run acceptance: pytest + ruff check
[✓] Write report to work/reports/wave-4/01-intent-classifier.report.md
[0m
Done. All 3 files implemented, 25 tests passing, ruff clean. Summary:

| File | Status |
|---|---|
| `src/finroot/agents/intent.py` | `IntentClassifier` + `IntentResult(BaseModel)` — keyword classification with 1.0/0.7/0.5 confidence, entity extraction (NSE/BSE tickers, timeframes) |
| `src/finroot/workflows/context.py` | `ContextAssembler` — pulls twin (empty dict on missing), last 5 turns, semantic recall, tools list |
| `tests/unit/test_intent.py` | 25 tests — all 7 intents, entities, defaults, confidence, frozen model, missing twin, history limits |
| `work/reports/wave-4/01-intent-classifier.report.md` | Report with full acceptance evidence |

Key deviation: used real `Intent` enum values (`PORTFOLIO`, `RISK`, `TAX`, `NEWS_IMPACT`, `CASHFLOW`, `CREDIT`, `GENERAL`) rather than contract-aspirational names, per the task's instruction to read `enums.py`.
=== opencode exited rc=0 @ Fri Jun 19 21:20:22 IST 2026 ===
